<?xml version="1.0" encoding="UTF-8"?>
<coverage generated="1778913965272" clover="3.2.0">
  <project timestamp="1778913965272" name="All files">
    <metrics statements="60" coveredstatements="48" conditionals="59" coveredconditionals="37" methods="16" coveredmethods="12" elements="135" coveredelements="97" complexity="0" loc="60" ncloc="60" packages="1" files="3" classes="3"/>
    <file name="github.ts" path="C:\Users\shiro\dev-project-systems\sys-dev-portf\src\lib\github.ts">
      <metrics statements="49" coveredstatements="48" conditionals="40" coveredconditionals="37" methods="12" coveredmethods="12"/>
      <line num="1" count="1" type="stmt"/>
      <line num="73" count="10" type="stmt"/>
      <line num="83" count="10" type="cond" truecount="3" falsecount="1"/>
      <line num="87" count="10" type="cond" truecount="1" falsecount="0"/>
      <line num="89" count="10" type="stmt"/>
      <line num="95" count="10" type="stmt"/>
      <line num="103" count="10" type="stmt"/>
      <line num="113" count="8" type="cond" truecount="1" falsecount="0"/>
      <line num="115" count="1" type="stmt"/>
      <line num="121" count="7" type="stmt"/>
      <line num="127" count="1" type="stmt"/>
      <line num="133" count="5" type="cond" truecount="1" falsecount="0"/>
      <line num="135" count="1" type="stmt"/>
      <line num="141" count="4" type="stmt"/>
      <line num="143" count="4" type="stmt"/>
      <line num="151" count="2" type="stmt"/>
      <line num="175" count="2" type="stmt"/>
      <line num="177" count="2" type="stmt"/>
      <line num="185" count="1" type="stmt"/>
      <line num="193" count="7" type="cond" truecount="1" falsecount="0"/>
      <line num="195" count="1" type="stmt"/>
      <line num="201" count="6" type="stmt"/>
      <line num="203" count="6" type="stmt"/>
      <line num="213" count="5" type="stmt"/>
      <line num="217" count="8" type="stmt"/>
      <line num="221" count="8" type="cond" truecount="1" falsecount="0"/>
      <line num="223" count="2" type="stmt"/>
      <line num="225" count="2" type="stmt"/>
      <line num="227" count="2" type="stmt"/>
      <line num="229" count="2" type="cond" truecount="1" falsecount="1"/>
      <line num="233" count="0" type="stmt"/>
      <line num="239" count="6" type="stmt"/>
      <line num="247" count="5" type="stmt"/>
      <line num="249" count="9" type="cond" truecount="2" falsecount="0"/>
      <line num="251" count="7" type="stmt"/>
      <line num="253" count="6" type="stmt"/>
      <line num="277" count="2" type="stmt"/>
      <line num="281" count="1" type="stmt"/>
      <line num="283" count="1" type="stmt"/>
      <line num="291" count="1" type="stmt"/>
      <line num="299" count="6" type="stmt"/>
      <line num="301" count="5" type="stmt"/>
      <line num="307" count="6" type="stmt"/>
      <line num="309" count="6" type="cond" truecount="2" falsecount="0"/>
      <line num="317" count="6" type="cond" truecount="1" falsecount="0"/>
      <line num="319" count="1" type="stmt"/>
      <line num="325" count="5" type="stmt"/>
      <line num="327" count="5" type="stmt"/>
      <line num="343" count="5" type="stmt"/>
    </file>
    <file name="site-config.ts" path="C:\Users\shiro\dev-project-systems\sys-dev-portf\src\lib\site-config.ts">
      <metrics statements="7" coveredstatements="0" conditionals="19" coveredconditionals="0" methods="3" coveredmethods="0"/>
      <line num="1" count="0" type="stmt"/>
      <line num="4" count="0" type="cond" truecount="0" falsecount="1"/>
      <line num="5" count="0" type="stmt"/>
      <line num="8" count="0" type="stmt"/>
      <line num="10" count="0" type="stmt"/>
      <line num="14" count="0" type="stmt"/>
      <line num="15" count="0" type="stmt"/>
    </file>
    <file name="utils.ts" path="C:\Users\shiro\dev-project-systems\sys-dev-portf\src\lib\utils.ts">
      <metrics statements="4" coveredstatements="0" conditionals="0" coveredconditionals="0" methods="1" coveredmethods="0"/>
      <line num="1" count="0" type="stmt"/>
      <line num="2" count="0" type="stmt"/>
      <line num="4" count="0" type="stmt"/>
      <line num="5" count="0" type="stmt"/>
    </file>
  </project>
</coverage>
