{"C:\\Users\\shiro\\.windsurf\\worktrees\\sys-dev-portf\\sys-dev-portf-57f60618\\src\\lib\\github.ts": {"path":"C:\\Users\\shiro\\.windsurf\\worktrees\\sys-dev-portf\\sys-dev-portf-57f60618\\src\\lib\\github.ts","statementMap":{"0":{"start":{"line":127,"column":0},"end":{"line":127,"column":7}},"1":{"start":{"line":185,"column":0},"end":{"line":185,"column":7}},"2":{"start":{"line":291,"column":0},"end":{"line":291,"column":16}},"3":{"start":{"line":1,"column":0},"end":{"line":1,"column":20}},"4":{"start":{"line":73,"column":31},"end":{"line":79,"column":null}},"5":{"start":{"line":83,"column":16},"end":{"line":83,"column":48}},"6":{"start":{"line":87,"column":2},"end":{"line":91,"column":3}},"7":{"start":{"line":89,"column":4},"end":{"line":89,"column":null}},"8":{"start":{"line":95,"column":2},"end":{"line":95,"column":null}},"9":{"start":{"line":103,"column":19},"end":{"line":109,"column":4}},"10":{"start":{"line":113,"column":2},"end":{"line":117,"column":3}},"11":{"start":{"line":115,"column":4},"end":{"line":115,"column":null}},"12":{"start":{"line":121,"column":2},"end":{"line":121,"column":null}},"13":{"start":{"line":133,"column":2},"end":{"line":137,"column":3}},"14":{"start":{"line":135,"column":4},"end":{"line":135,"column":null}},"15":{"start":{"line":141,"column":2},"end":{"line":179,"column":3}},"16":{"start":{"line":143,"column":20},"end":{"line":145,"column":null}},"17":{"start":{"line":151,"column":4},"end":{"line":171,"column":null}},"18":{"start":{"line":175,"column":4},"end":{"line":175,"column":null}},"19":{"start":{"line":177,"column":4},"end":{"line":177,"column":null}},"20":{"start":{"line":193,"column":2},"end":{"line":197,"column":3}},"21":{"start":{"line":195,"column":4},"end":{"line":195,"column":null}},"22":{"start":{"line":201,"column":2},"end":{"line":285,"column":3}},"23":{"start":{"line":203,"column":18},"end":{"line":205,"column":null}},"24":{"start":{"line":213,"column":20},"end":{"line":241,"column":null}},"25":{"start":{"line":217,"column":24},"end":{"line":217,"column":50}},"26":{"start":{"line":221,"column":8},"end":{"line":237,"column":9}},"27":{"start":{"line":223,"column":10},"end":{"line":235,"column":11}},"28":{"start":{"line":225,"column":24},"end":{"line":225,"column":40}},"29":{"start":{"line":227,"column":29},"end":{"line":227,"column":68}},"30":{"start":{"line":229,"column":12},"end":{"line":229,"column":null}},"31":{"start":{"line":233,"column":12},"end":{"line":233,"column":null}},"32":{"start":{"line":239,"column":8},"end":{"line":239,"column":null}},"33":{"start":{"line":247,"column":4},"end":{"line":277,"column":null}},"34":{"start":{"line":249,"column":24},"end":{"line":249,"column":52}},"35":{"start":{"line":251,"column":24},"end":{"line":251,"column":82}},"36":{"start":{"line":253,"column":22},"end":{"line":275,"column":8}},"37":{"start":{"line":277,"column":22},"end":{"line":277,"column":71}},"38":{"start":{"line":281,"column":4},"end":{"line":281,"column":null}},"39":{"start":{"line":283,"column":4},"end":{"line":283,"column":null}},"40":{"start":{"line":299,"column":18},"end":{"line":301,"column":null}},"41":{"start":{"line":301,"column":24},"end":{"line":301,"column":55}},"42":{"start":{"line":307,"column":2},"end":{"line":377,"column":null}},"43":{"start":{"line":309,"column":24},"end":{"line":313,"column":17}},"44":{"start":{"line":317,"column":4},"end":{"line":321,"column":5}},"45":{"start":{"line":319,"column":6},"end":{"line":319,"column":null}},"46":{"start":{"line":325,"column":23},"end":{"line":325,"column":53}},"47":{"start":{"line":327,"column":24},"end":{"line":337,"column":null}},"48":{"start":{"line":343,"column":4},"end":{"line":373,"column":null}}},"fnMap":{"0":{"name":"getGithubHeaders","decl":{"start":{"line":71,"column":9},"end":{"line":71,"column":25}},"loc":{"start":{"line":71,"column":25},"end":{"line":97,"column":1}}},"1":{"name":"fetchGithubJson","decl":{"start":{"line":101,"column":15},"end":{"line":101,"column":30}},"loc":{"start":{"line":101,"column":45},"end":{"line":123,"column":1}}},"2":{"name":"getGithubProfile","decl":{"start":{"line":127,"column":22},"end":{"line":127,"column":38}},"loc":{"start":{"line":129,"column":18},"end":{"line":181,"column":1}}},"3":{"name":"getGithubRepos","decl":{"start":{"line":185,"column":22},"end":{"line":185,"column":36}},"loc":{"start":{"line":189,"column":21},"end":{"line":287,"column":1}}},"4":{"name":"(anonymous_4)","decl":{"start":{"line":215,"column":20},"end":{"line":215,"column":21}},"loc":{"start":{"line":215,"column":30},"end":{"line":241,"column":7}}},"5":{"name":"(anonymous_5)","decl":{"start":{"line":249,"column":14},"end":{"line":249,"column":15}},"loc":{"start":{"line":249,"column":24},"end":{"line":249,"column":52}}},"6":{"name":"(anonymous_6)","decl":{"start":{"line":251,"column":14},"end":{"line":251,"column":15}},"loc":{"start":{"line":251,"column":24},"end":{"line":251,"column":82}}},"7":{"name":"(anonymous_7)","decl":{"start":{"line":253,"column":11},"end":{"line":253,"column":12}},"loc":{"start":{"line":253,"column":22},"end":{"line":275,"column":8}}},"8":{"name":"(anonymous_8)","decl":{"start":{"line":277,"column":12},"end":{"line":277,"column":13}},"loc":{"start":{"line":277,"column":22},"end":{"line":277,"column":71}}},"9":{"name":"mergeProjectsWithGithub","decl":{"start":{"line":291,"column":16},"end":{"line":291,"column":39}},"loc":{"start":{"line":295,"column":28},"end":{"line":379,"column":1}}},"10":{"name":"(anonymous_10)","decl":{"start":{"line":301,"column":14},"end":{"line":301,"column":15}},"loc":{"start":{"line":301,"column":24},"end":{"line":301,"column":55}}},"11":{"name":"(anonymous_11)","decl":{"start":{"line":307,"column":22},"end":{"line":307,"column":23}},"loc":{"start":{"line":307,"column":34},"end":{"line":377,"column":3}}}},"branchMap":{"0":{"loc":{"start":{"line":83,"column":16},"end":{"line":83,"column":48}},"type":"cond-expr","locations":[{"start":{"line":83,"column":40},"end":{"line":83,"column":42}},{"start":{"line":83,"column":40},"end":{"line":83,"column":48}}]},"1":{"loc":{"start":{"line":83,"column":16},"end":{"line":83,"column":42}},"type":"binary-expr","locations":[{"start":{"line":83,"column":16},"end":{"line":83,"column":42}},{"start":{"line":83,"column":40},"end":{"line":83,"column":42}}]},"2":{"loc":{"start":{"line":87,"column":2},"end":{"line":91,"column":3}},"type":"if","locations":[{"start":{"line":87,"column":2},"end":{"line":91,"column":3}}]},"3":{"loc":{"start":{"line":113,"column":2},"end":{"line":117,"column":3}},"type":"if","locations":[{"start":{"line":113,"column":2},"end":{"line":117,"column":3}}]},"4":{"loc":{"start":{"line":133,"column":2},"end":{"line":137,"column":3}},"type":"if","locations":[{"start":{"line":133,"column":2},"end":{"line":137,"column":3}}]},"5":{"loc":{"start":{"line":155,"column":19},"end":{"line":155,"column":48}},"type":"binary-expr","locations":[{"start":{"line":155,"column":19},"end":{"line":155,"column":31}},{"start":{"line":155,"column":35},"end":{"line":155,"column":48}}]},"6":{"loc":{"start":{"line":157,"column":11},"end":{"line":157,"column":78}},"type":"binary-expr","locations":[{"start":{"line":157,"column":11},"end":{"line":157,"column":22}},{"start":{"line":157,"column":26},"end":{"line":157,"column":78}}]},"7":{"loc":{"start":{"line":165,"column":15},"end":{"line":165,"column":43}},"type":"binary-expr","locations":[{"start":{"line":165,"column":15},"end":{"line":165,"column":30}},{"start":{"line":165,"column":34},"end":{"line":165,"column":43}}]},"8":{"loc":{"start":{"line":167,"column":16},"end":{"line":167,"column":45}},"type":"binary-expr","locations":[{"start":{"line":167,"column":16},"end":{"line":167,"column":32}},{"start":{"line":167,"column":36},"end":{"line":167,"column":45}}]},"9":{"loc":{"start":{"line":169,"column":12},"end":{"line":169,"column":37}},"type":"binary-expr","locations":[{"start":{"line":169,"column":12},"end":{"line":169,"column":24}},{"start":{"line":169,"column":28},"end":{"line":169,"column":37}}]},"10":{"loc":{"start":{"line":193,"column":2},"end":{"line":197,"column":3}},"type":"if","locations":[{"start":{"line":193,"column":2},"end":{"line":197,"column":3}}]},"11":{"loc":{"start":{"line":221,"column":8},"end":{"line":237,"column":9}},"type":"if","locations":[{"start":{"line":221,"column":8},"end":{"line":237,"column":9}}]},"12":{"loc":{"start":{"line":229,"column":19},"end":{"line":229,"column":59}},"type":"binary-expr","locations":[{"start":{"line":229,"column":19},"end":{"line":229,"column":48}},{"start":{"line":229,"column":52},"end":{"line":229,"column":59}}]},"13":{"loc":{"start":{"line":249,"column":24},"end":{"line":249,"column":52}},"type":"binary-expr","locations":[{"start":{"line":249,"column":24},"end":{"line":249,"column":38}},{"start":{"line":249,"column":42},"end":{"line":249,"column":52}}]},"14":{"loc":{"start":{"line":251,"column":24},"end":{"line":251,"column":82}},"type":"binary-expr","locations":[{"start":{"line":251,"column":24},"end":{"line":251,"column":42}},{"start":{"line":251,"column":46},"end":{"line":251,"column":82}}]},"15":{"loc":{"start":{"line":259,"column":21},"end":{"line":259,"column":78}},"type":"binary-expr","locations":[{"start":{"line":259,"column":21},"end":{"line":259,"column":37}},{"start":{"line":259,"column":41},"end":{"line":259,"column":78}}]},"16":{"loc":{"start":{"line":263,"column":18},"end":{"line":263,"column":44}},"type":"binary-expr","locations":[{"start":{"line":263,"column":18},"end":{"line":263,"column":31}},{"start":{"line":263,"column":35},"end":{"line":263,"column":44}}]},"17":{"loc":{"start":{"line":271,"column":16},"end":{"line":271,"column":33}},"type":"binary-expr","locations":[{"start":{"line":271,"column":16},"end":{"line":271,"column":27}},{"start":{"line":271,"column":31},"end":{"line":271,"column":33}}]},"18":{"loc":{"start":{"line":273,"column":18},"end":{"line":273,"column":44}},"type":"binary-expr","locations":[{"start":{"line":273,"column":18},"end":{"line":273,"column":31}},{"start":{"line":273,"column":35},"end":{"line":273,"column":44}}]},"19":{"loc":{"start":{"line":309,"column":24},"end":{"line":313,"column":17}},"type":"cond-expr","locations":[{"start":{"line":311,"column":8},"end":{"line":311,"column":53}},{"start":{"line":313,"column":8},"end":{"line":313,"column":17}}]},"20":{"loc":{"start":{"line":317,"column":4},"end":{"line":321,"column":5}},"type":"if","locations":[{"start":{"line":317,"column":4},"end":{"line":321,"column":5}}]},"21":{"loc":{"start":{"line":333,"column":12},"end":{"line":333,"column":62}},"type":"cond-expr","locations":[{"start":{"line":333,"column":35},"end":{"line":333,"column":57}},{"start":{"line":333,"column":60},"end":{"line":333,"column":62}}]},"22":{"loc":{"start":{"line":347,"column":15},"end":{"line":347,"column":57}},"type":"binary-expr","locations":[{"start":{"line":347,"column":15},"end":{"line":347,"column":38}},{"start":{"line":347,"column":42},"end":{"line":347,"column":57}}]},"23":{"loc":{"start":{"line":351,"column":15},"end":{"line":351,"column":54}},"type":"binary-expr","locations":[{"start":{"line":351,"column":15},"end":{"line":351,"column":30}},{"start":{"line":351,"column":34},"end":{"line":351,"column":54}}]}},"s":{"0":2,"1":2,"2":2,"3":2,"4":18,"5":18,"6":18,"7":18,"8":18,"9":18,"10":14,"11":1,"12":13,"13":7,"14":1,"15":6,"16":6,"17":3,"18":3,"19":3,"20":13,"21":1,"22":12,"23":12,"24":10,"25":15,"26":15,"27":7,"28":7,"29":7,"30":7,"31":0,"32":8,"33":10,"34":16,"35":14,"36":12,"37":3,"38":2,"39":2,"40":10,"41":10,"42":10,"43":11,"44":11,"45":1,"46":10,"47":10,"48":10},"f":{"0":18,"1":18,"2":7,"3":13,"4":15,"5":16,"6":14,"7":12,"8":3,"9":10,"10":10,"11":11},"b":{"0":[0,18],"1":[18,18],"2":[18],"3":[1],"4":[1],"5":[3,1],"6":[3,1],"7":[3,2],"8":[3,1],"9":[3,2],"10":[1],"11":[7],"12":[7,0],"13":[16,15],"14":[14,13],"15":[12,1],"16":[12,10],"17":[12,0],"18":[12,8],"19":[10,1],"20":[1],"21":[5,5],"22":[10,1],"23":[10,9]}}
,"C:\\Users\\shiro\\.windsurf\\worktrees\\sys-dev-portf\\sys-dev-portf-57f60618\\src\\lib\\site-config.ts": {"path":"C:\\Users\\shiro\\.windsurf\\worktrees\\sys-dev-portf\\sys-dev-portf-57f60618\\src\\lib\\site-config.ts","statementMap":{"0":{"start":{"line":14,"column":0},"end":{"line":14,"column":16}},"1":{"start":{"line":1,"column":0},"end":{"line":1,"column":72}},"2":{"start":{"line":4,"column":2},"end":{"line":6,"column":3}},"3":{"start":{"line":5,"column":4},"end":{"line":5,"column":null}},"4":{"start":{"line":8,"column":2},"end":{"line":11,"column":null}},"5":{"start":{"line":10,"column":19},"end":{"line":10,"column":30}},"6":{"start":{"line":15,"column":2},"end":{"line":21,"column":null}}},"fnMap":{"0":{"name":"parseRepoAllowlist","decl":{"start":{"line":3,"column":9},"end":{"line":3,"column":27}},"loc":{"start":{"line":3,"column":42},"end":{"line":12,"column":1}}},"1":{"name":"(anonymous_1)","decl":{"start":{"line":10,"column":9},"end":{"line":10,"column":10}},"loc":{"start":{"line":10,"column":19},"end":{"line":10,"column":30}}},"2":{"name":"getSiteConfig","decl":{"start":{"line":14,"column":16},"end":{"line":14,"column":29}},"loc":{"start":{"line":14,"column":29},"end":{"line":23,"column":1}}}},"branchMap":{"0":{"loc":{"start":{"line":4,"column":2},"end":{"line":6,"column":3}},"type":"if","locations":[{"start":{"line":4,"column":2},"end":{"line":6,"column":3}}]},"1":{"loc":{"start":{"line":18,"column":6},"end":{"line":18,"column":70}},"type":"binary-expr","locations":[{"start":{"line":18,"column":6},"end":{"line":18,"column":41}},{"start":{"line":18,"column":45},"end":{"line":18,"column":70}}]},"2":{"loc":{"start":{"line":18,"column":6},"end":{"line":18,"column":41}},"type":"cond-expr","locations":[{"start":{"line":18,"column":33},"end":{"line":18,"column":35}},{"start":{"line":18,"column":33},"end":{"line":18,"column":41}}]},"3":{"loc":{"start":{"line":18,"column":6},"end":{"line":18,"column":35}},"type":"binary-expr","locations":[{"start":{"line":18,"column":6},"end":{"line":18,"column":35}},{"start":{"line":18,"column":33},"end":{"line":18,"column":35}}]},"4":{"loc":{"start":{"line":20,"column":11},"end":{"line":20,"column":76}},"type":"binary-expr","locations":[{"start":{"line":20,"column":11},"end":{"line":20,"column":56}},{"start":{"line":20,"column":60},"end":{"line":20,"column":76}}]},"5":{"loc":{"start":{"line":20,"column":11},"end":{"line":20,"column":56}},"type":"cond-expr","locations":[{"start":{"line":20,"column":48},"end":{"line":20,"column":50}},{"start":{"line":20,"column":48},"end":{"line":20,"column":56}}]},"6":{"loc":{"start":{"line":20,"column":11},"end":{"line":20,"column":50}},"type":"binary-expr","locations":[{"start":{"line":20,"column":11},"end":{"line":20,"column":50}},{"start":{"line":20,"column":48},"end":{"line":20,"column":50}}]},"7":{"loc":{"start":{"line":21,"column":15},"end":{"line":21,"column":81}},"type":"binary-expr","locations":[{"start":{"line":21,"column":15},"end":{"line":21,"column":57}},{"start":{"line":21,"column":61},"end":{"line":21,"column":81}}]},"8":{"loc":{"start":{"line":21,"column":15},"end":{"line":21,"column":57}},"type":"cond-expr","locations":[{"start":{"line":21,"column":49},"end":{"line":21,"column":51}},{"start":{"line":21,"column":49},"end":{"line":21,"column":57}}]},"9":{"loc":{"start":{"line":21,"column":15},"end":{"line":21,"column":51}},"type":"binary-expr","locations":[{"start":{"line":21,"column":15},"end":{"line":21,"column":51}},{"start":{"line":21,"column":49},"end":{"line":21,"column":51}}]}},"s":{"0":0,"1":0,"2":0,"3":0,"4":0,"5":0,"6":0},"f":{"0":0,"1":0,"2":0},"b":{"0":[0],"1":[0,0],"2":[0,0],"3":[0,0],"4":[0,0],"5":[0,0],"6":[0,0],"7":[0,0],"8":[0,0],"9":[0,0]}}
,"C:\\Users\\shiro\\.windsurf\\worktrees\\sys-dev-portf\\sys-dev-portf-57f60618\\src\\lib\\utils.ts": {"path":"C:\\Users\\shiro\\.windsurf\\worktrees\\sys-dev-portf\\sys-dev-portf-57f60618\\src\\lib\\utils.ts","statementMap":{"0":{"start":{"line":4,"column":0},"end":{"line":4,"column":16}},"1":{"start":{"line":1,"column":0},"end":{"line":1,"column":44}},"2":{"start":{"line":2,"column":0},"end":{"line":2,"column":40}},"3":{"start":{"line":5,"column":2},"end":{"line":5,"column":null}}},"fnMap":{"0":{"name":"cn","decl":{"start":{"line":4,"column":16},"end":{"line":4,"column":18}},"loc":{"start":{"line":4,"column":42},"end":{"line":6,"column":1}}}},"branchMap":{},"s":{"0":0,"1":0,"2":0,"3":0},"f":{"0":0},"b":{}}
}
