TN:
SF:src\lib\github.ts
FN:71,getGithubHeaders
FN:101,fetchGithubJson
FN:127,getGithubProfile
FN:185,getGithubRepos
FN:215,(anonymous_4)
FN:249,(anonymous_5)
FN:251,(anonymous_6)
FN:253,(anonymous_7)
FN:277,(anonymous_8)
FN:291,mergeProjectsWithGithub
FN:301,(anonymous_10)
FN:307,(anonymous_11)
FNF:12
FNH:12
FNDA:18,getGithubHeaders
FNDA:18,fetchGithubJson
FNDA:7,getGithubProfile
FNDA:13,getGithubRepos
FNDA:15,(anonymous_4)
FNDA:16,(anonymous_5)
FNDA:14,(anonymous_6)
FNDA:12,(anonymous_7)
FNDA:3,(anonymous_8)
FNDA:10,mergeProjectsWithGithub
FNDA:10,(anonymous_10)
FNDA:11,(anonymous_11)
DA:1,2
DA:73,18
DA:83,18
DA:87,18
DA:89,18
DA:95,18
DA:103,18
DA:113,14
DA:115,1
DA:121,13
DA:127,2
DA:133,7
DA:135,1
DA:141,6
DA:143,6
DA:151,3
DA:175,3
DA:177,3
DA:185,2
DA:193,13
DA:195,1
DA:201,12
DA:203,12
DA:213,10
DA:217,15
DA:221,15
DA:223,7
DA:225,7
DA:227,7
DA:229,7
DA:233,0
DA:239,8
DA:247,10
DA:249,16
DA:251,14
DA:253,12
DA:277,3
DA:281,2
DA:283,2
DA:291,2
DA:299,10
DA:301,10
DA:307,10
DA:309,11
DA:317,11
DA:319,1
DA:325,10
DA:327,10
DA:343,10
LF:49
LH:48
BRDA:83,0,0,0
BRDA:83,0,1,18
BRDA:83,1,0,18
BRDA:83,1,1,18
BRDA:87,2,0,18
BRDA:113,3,0,1
BRDA:133,4,0,1
BRDA:155,5,0,3
BRDA:155,5,1,1
BRDA:157,6,0,3
BRDA:157,6,1,1
BRDA:165,7,0,3
BRDA:165,7,1,2
BRDA:167,8,0,3
BRDA:167,8,1,1
BRDA:169,9,0,3
BRDA:169,9,1,2
BRDA:193,10,0,1
BRDA:221,11,0,7
BRDA:229,12,0,7
BRDA:229,12,1,0
BRDA:249,13,0,16
BRDA:249,13,1,15
BRDA:251,14,0,14
BRDA:251,14,1,13
BRDA:259,15,0,12
BRDA:259,15,1,1
BRDA:263,16,0,12
BRDA:263,16,1,10
BRDA:271,17,0,12
BRDA:271,17,1,0
BRDA:273,18,0,12
BRDA:273,18,1,8
BRDA:309,19,0,10
BRDA:309,19,1,1
BRDA:317,20,0,1
BRDA:333,21,0,5
BRDA:333,21,1,5
BRDA:347,22,0,10
BRDA:347,22,1,1
BRDA:351,23,0,10
BRDA:351,23,1,9
BRF:42
BRH:39
end_of_record
TN:
SF:src\lib\site-config.ts
FN:3,parseRepoAllowlist
FN:10,(anonymous_1)
FN:14,getSiteConfig
FNF:3
FNH:0
FNDA:0,parseRepoAllowlist
FNDA:0,(anonymous_1)
FNDA:0,getSiteConfig
DA:1,0
DA:4,0
DA:5,0
DA:8,0
DA:10,0
DA:14,0
DA:15,0
LF:7
LH:0
BRDA:4,0,0,0
BRDA:18,1,0,0
BRDA:18,1,1,0
BRDA:18,2,0,0
BRDA:18,2,1,0
BRDA:18,3,0,0
BRDA:18,3,1,0
BRDA:20,4,0,0
BRDA:20,4,1,0
BRDA:20,5,0,0
BRDA:20,5,1,0
BRDA:20,6,0,0
BRDA:20,6,1,0
BRDA:21,7,0,0
BRDA:21,7,1,0
BRDA:21,8,0,0
BRDA:21,8,1,0
BRDA:21,9,0,0
BRDA:21,9,1,0
BRF:19
BRH:0
end_of_record
TN:
SF:src\lib\utils.ts
FN:4,cn
FNF:1
FNH:0
FNDA:0,cn
DA:1,0
DA:2,0
DA:4,0
DA:5,0
LF:4
LH:0
BRF:0
BRH:0
end_of_record
