TN:
SF:src\lib\github.ts
FN:71,getGithubHeaders
FN:101,fetchGithubJson
FN:127,getGithubProfile
FN:185,getGithubRepos
FN:215,(anonymous_4)
FN:249,(anonymous_5)
FN:251,(anonymous_6)
FN:253,(anonymous_7)
FN:277,(anonymous_8)
FN:291,mergeProjectsWithGithub
FN:301,(anonymous_10)
FN:307,(anonymous_11)
FNF:12
FNH:12
FNDA:10,getGithubHeaders
FNDA:10,fetchGithubJson
FNDA:5,getGithubProfile
FNDA:7,getGithubRepos
FNDA:8,(anonymous_4)
FNDA:9,(anonymous_5)
FNDA:7,(anonymous_6)
FNDA:6,(anonymous_7)
FNDA:2,(anonymous_8)
FNDA:6,mergeProjectsWithGithub
FNDA:5,(anonymous_10)
FNDA:6,(anonymous_11)
DA:1,1
DA:73,10
DA:83,10
DA:87,10
DA:89,10
DA:95,10
DA:103,10
DA:113,8
DA:115,1
DA:121,7
DA:127,1
DA:133,5
DA:135,1
DA:141,4
DA:143,4
DA:151,2
DA:175,2
DA:177,2
DA:185,1
DA:193,7
DA:195,1
DA:201,6
DA:203,6
DA:213,5
DA:217,8
DA:221,8
DA:223,2
DA:225,2
DA:227,2
DA:229,2
DA:233,0
DA:239,6
DA:247,5
DA:249,9
DA:251,7
DA:253,6
DA:277,2
DA:281,1
DA:283,1
DA:291,1
DA:299,6
DA:301,5
DA:307,6
DA:309,6
DA:317,6
DA:319,1
DA:325,5
DA:327,5
DA:343,5
LF:49
LH:48
BRDA:83,0,0,0
BRDA:83,0,1,10
BRDA:83,1,0,10
BRDA:83,1,1,10
BRDA:87,2,0,10
BRDA:113,3,0,1
BRDA:133,4,0,1
BRDA:155,5,0,2
BRDA:155,5,1,1
BRDA:157,6,0,2
BRDA:157,6,1,1
BRDA:165,7,0,2
BRDA:165,7,1,1
BRDA:167,8,0,2
BRDA:167,8,1,1
BRDA:169,9,0,2
BRDA:169,9,1,1
BRDA:193,10,0,1
BRDA:221,11,0,2
BRDA:229,12,0,2
BRDA:229,12,1,0
BRDA:249,13,0,9
BRDA:249,13,1,8
BRDA:259,14,0,6
BRDA:259,14,1,1
BRDA:263,15,0,6
BRDA:263,15,1,5
BRDA:271,16,0,6
BRDA:271,16,1,0
BRDA:273,17,0,6
BRDA:273,17,1,4
BRDA:309,18,0,5
BRDA:309,18,1,1
BRDA:317,19,0,1
BRDA:333,20,0,2
BRDA:333,20,1,3
BRDA:347,21,0,5
BRDA:347,21,1,1
BRDA:351,22,0,5
BRDA:351,22,1,4
BRF:40
BRH:37
end_of_record
TN:
SF:src\lib\site-config.ts
FN:3,parseRepoAllowlist
FN:10,(anonymous_1)
FN:14,getSiteConfig
FNF:3
FNH:0
FNDA:0,parseRepoAllowlist
FNDA:0,(anonymous_1)
FNDA:0,getSiteConfig
DA:1,0
DA:4,0
DA:5,0
DA:8,0
DA:10,0
DA:14,0
DA:15,0
LF:7
LH:0
BRDA:4,0,0,0
BRDA:18,1,0,0
BRDA:18,1,1,0
BRDA:18,2,0,0
BRDA:18,2,1,0
BRDA:18,3,0,0
BRDA:18,3,1,0
BRDA:20,4,0,0
BRDA:20,4,1,0
BRDA:20,5,0,0
BRDA:20,5,1,0
BRDA:20,6,0,0
BRDA:20,6,1,0
BRDA:21,7,0,0
BRDA:21,7,1,0
BRDA:21,8,0,0
BRDA:21,8,1,0
BRDA:21,9,0,0
BRDA:21,9,1,0
BRF:19
BRH:0
end_of_record
TN:
SF:src\lib\utils.ts
FN:4,cn
FNF:1
FNH:0
FNDA:0,cn
DA:1,0
DA:2,0
DA:4,0
DA:5,0
LF:4
LH:0
BRF:0
BRH:0
end_of_record
